<?xml version="1.0" encoding="UTF-8"?>
<!-- Generated by org.testng.reporters.JUnitReportReporter -->
<testsuite hostname="DESKTOP-O647TAI" failures="0" tests="3" name="automationFramework.SubscriptionPage_TC" time="20.931" errors="0" timestamp="2022-10-11T09:58:16 IST" skipped="0">
  <testcase classname="automationFramework.SubscriptionPage_TC" name="saudiArab" time="3.524"/>
  <system-out/>
  <testcase classname="automationFramework.SubscriptionPage_TC" name="bahrain" time="10.850"/>
  <system-out/>
  <testcase classname="automationFramework.SubscriptionPage_TC" name="kuwait" time="6.557"/>
  <system-out/>
</testsuite> <!-- automationFramework.SubscriptionPage_TC -->
