<?xml version="1.0" encoding="UTF-8"?>
<!-- Generated by org.testng.reporters.JUnitReportReporter -->
<testsuite hostname="DESKTOP-O647TAI" failures="0" tests="3" name="testsAutomation.SubscriptionPage_TC" time="6.307" errors="0" timestamp="2022-10-12T10:12:11 IST" skipped="2">
  <testcase classname="testsAutomation.SubscriptionPage_TC" name="saudiArab" time="6.307"/>
  <system-out/>
  <testcase classname="testsAutomation.SubscriptionPage_TC" name="kuwait">
    <skipped/>
  </testcase> <!-- kuwait -->
  <system-out/>
  <testcase classname="testsAutomation.SubscriptionPage_TC" name="bahrain">
    <skipped/>
  </testcase> <!-- bahrain -->
  <system-out/>
</testsuite> <!-- testsAutomation.SubscriptionPage_TC -->
