<?xml version="1.0" encoding="UTF-8"?>
<!-- Generated by org.testng.reporters.JUnitReportReporter -->
<testsuite hostname="DESKTOP-O647TAI" failures="0" tests="3" name="com.afi.webdriver.SubscriptionPage_TC" time="17.150" errors="0" timestamp="2022-10-11T09:42:22 IST" skipped="0">
  <testcase classname="com.afi.webdriver.SubscriptionPage_TC" name="saudiArab" time="3.381"/>
  <system-out/>
  <testcase classname="com.afi.webdriver.SubscriptionPage_TC" name="bahrain" time="8.273"/>
  <system-out/>
  <testcase classname="com.afi.webdriver.SubscriptionPage_TC" name="kuwait" time="5.496"/>
  <system-out/>
</testsuite> <!-- com.afi.webdriver.SubscriptionPage_TC -->
