<?xml version="1.0" encoding="UTF-8"?>
<!-- Generated by org.testng.reporters.JUnitReportReporter -->
<testsuite hostname="DESKTOP-O647TAI" failures="0" tests="3" name="testsAutomation.SubscriptionPageValidation_TC" time="22.348" errors="0" timestamp="2022-10-15T00:30:07 IST" skipped="0">
  <testcase classname="testsAutomation.SubscriptionPageValidation_TC" name="saudiArab" time="4.160"/>
  <system-out/>
  <testcase classname="testsAutomation.SubscriptionPageValidation_TC" name="bahrain" time="7.097"/>
  <system-out/>
  <testcase classname="testsAutomation.SubscriptionPageValidation_TC" name="kuwait" time="11.091"/>
  <system-out/>
</testsuite> <!-- testsAutomation.SubscriptionPageValidation_TC -->
