<?xml version="1.0" encoding="UTF-8"?>
<!-- Generated by org.testng.reporters.JUnitReportReporter -->
<testsuite hostname="DESKTOP-O647TAI" failures="0" tests="1" name="com.afi.webdriver.NewTest" time="9.348" errors="0" timestamp="2022-10-10T14:20:21 IST" skipped="0">
  <testcase classname="com.afi.webdriver.NewTest" name="f" time="9.348"/>
  <system-out/>
</testsuite> <!-- com.afi.webdriver.NewTest -->
